d:\projects\github\winapp\win32projwithatlheaders\debug\win32projwithatlheaders.pch
d:\projects\github\winapp\win32projwithatlheaders\debug\vc140.pdb
d:\projects\github\winapp\win32projwithatlheaders\debug\vc140.idb
d:\projects\github\winapp\win32projwithatlheaders\debug\stdafx.obj
d:\projects\github\winapp\win32projwithatlheaders\debug\main.obj
d:\projects\github\winapp\win32projwithatlheaders\debug\mywindow.obj
d:\projects\github\winapp\win32projwithatlheaders\debug\win32projwithatlheaders.obj
d:\projects\github\winapp\debug\win32projwithatlheaders.ilk
d:\projects\github\winapp\debug\win32projwithatlheaders.exe
d:\projects\github\winapp\debug\win32projwithatlheaders.pdb
d:\projects\github\winapp\win32projwithatlheaders\debug\win32projwithatlheaders.res
d:\projects\github\winapp\win32projwithatlheaders\debug\win32pro.6066affe.tlog\cl.command.1.tlog
d:\projects\github\winapp\win32projwithatlheaders\debug\win32pro.6066affe.tlog\cl.read.1.tlog
d:\projects\github\winapp\win32projwithatlheaders\debug\win32pro.6066affe.tlog\cl.write.1.tlog
d:\projects\github\winapp\win32projwithatlheaders\debug\win32pro.6066affe.tlog\link.command.1.tlog
d:\projects\github\winapp\win32projwithatlheaders\debug\win32pro.6066affe.tlog\link.read.1.tlog
d:\projects\github\winapp\win32projwithatlheaders\debug\win32pro.6066affe.tlog\link.write.1.tlog
d:\projects\github\winapp\win32projwithatlheaders\debug\win32pro.6066affe.tlog\rc.command.1.tlog
d:\projects\github\winapp\win32projwithatlheaders\debug\win32pro.6066affe.tlog\rc.read.1.tlog
d:\projects\github\winapp\win32projwithatlheaders\debug\win32pro.6066affe.tlog\rc.write.1.tlog
